<?xml version="1.0" encoding="UTF-8"?>
<coverage generated="1585176233612" clover="3.2.0">
  <project timestamp="1585176233613" name="All files">
    <metrics statements="10" coveredstatements="2" conditionals="4" coveredconditionals="0" methods="2" coveredmethods="1" elements="16" coveredelements="3" complexity="0" loc="10" ncloc="10" packages="1" files="1" classes="1"/>
    <file name="numfinder.js" path="C:\Users\Mari\Desktop\cobertura\lib\numfinder.js">
      <metrics statements="10" coveredstatements="2" conditionals="4" coveredconditionals="0" methods="2" coveredmethods="1"/>
      <line num="3" count="1" type="stmt"/>
      <line num="4" count="0" type="stmt"/>
      <line num="6" count="0" type="stmt"/>
      <line num="7" count="0" type="cond" truecount="0" falsecount="2"/>
      <line num="8" count="0" type="stmt"/>
      <line num="10" count="0" type="cond" truecount="0" falsecount="2"/>
      <line num="11" count="0" type="stmt"/>
      <line num="16" count="0" type="stmt"/>
      <line num="17" count="0" type="stmt"/>
      <line num="21" count="1" type="stmt"/>
    </file>
  </project>
</coverage>
