{"C:\\Users\\Mari\\Desktop\\cobertura\\lib\\numfinder.js": {"path":"C:\\Users\\Mari\\Desktop\\cobertura\\lib\\numfinder.js","statementMap":{"0":{"start":{"line":3,"column":6},"end":{"line":3,"column":25}},"1":{"start":{"line":4,"column":6},"end":{"line":4,"column":28}},"2":{"start":{"line":6,"column":6},"end":{"line":12,"column":7}},"3":{"start":{"line":7,"column":10},"end":{"line":8,"column":34}},"4":{"start":{"line":8,"column":14},"end":{"line":8,"column":34}},"5":{"start":{"line":10,"column":10},"end":{"line":11,"column":33}},"6":{"start":{"line":11,"column":14},"end":{"line":11,"column":33}},"7":{"start":{"line":16,"column":6},"end":{"line":16,"column":47}},"8":{"start":{"line":17,"column":6},"end":{"line":17,"column":46}},"9":{"start":{"line":21,"column":0},"end":{"line":21,"column":27}}},"fnMap":{"0":{"name":"(anonymous_0)","decl":{"start":{"line":2,"column":2},"end":{"line":2,"column":3}},"loc":{"start":{"line":2,"column":12},"end":{"line":13,"column":3}},"line":2},"1":{"name":"(anonymous_1)","decl":{"start":{"line":15,"column":2},"end":{"line":15,"column":3}},"loc":{"start":{"line":15,"column":19},"end":{"line":18,"column":3}},"line":15}},"branchMap":{"0":{"loc":{"start":{"line":7,"column":10},"end":{"line":8,"column":34}},"type":"if","locations":[{"start":{"line":7,"column":10},"end":{"line":8,"column":34}},{"start":{"line":7,"column":10},"end":{"line":8,"column":34}}],"line":7},"1":{"loc":{"start":{"line":10,"column":10},"end":{"line":11,"column":33}},"type":"if","locations":[{"start":{"line":10,"column":10},"end":{"line":11,"column":33}},{"start":{"line":10,"column":10},"end":{"line":11,"column":33}}],"line":10}},"s":{"0":1,"1":0,"2":0,"3":0,"4":0,"5":0,"6":0,"7":0,"8":0,"9":1},"f":{"0":1,"1":0},"b":{"0":[0,0],"1":[0,0]},"_coverageSchema":"1a1c01bbd47fc00a2c39e90264f33305004495a9","hash":"8519c626407f427ec36a162394fb6a20dc364773"}
}
